<?xml version="1.0" encoding="UTF-8"?>
<!-- Generated by org.testng.reporters.JUnitReportReporter -->
<testsuite hostname="DESKTOP-ENGGCBP" failures="0" tests="1" name="DesignPattern.PageObject.LoginTest" time="10.688" errors="0" timestamp="2024-02-20T12:52:44 IST" skipped="0">
  <testcase classname="DesignPattern.PageObject.LoginTest" name="loginOrange" time="10.688"/>
</testsuite> <!-- DesignPattern.PageObject.LoginTest -->
